<?xml version="1.0" encoding="UTF-8"?>
<testsuite name="bookstoread.BookShelfSpec" tests="1" skipped="0" failures="0" errors="0" timestamp="2022-11-21T22:14:18" hostname="DESKTOP-EE8FL81" time="0.019">
  <properties/>
  <testcase name="shelfEmptyWhenNoBookAdded()" classname="bookstoread.BookShelfSpec" time="0.019"/>
  <system-out><![CDATA[]]></system-out>
  <system-err><![CDATA[]]></system-err>
</testsuite>
