<?xml version="1.0" encoding="UTF-8"?>
<testsuite name="A bookshelf" tests="1" skipped="0" failures="0" errors="0" timestamp="2022-11-25T20:00:17" hostname="DESKTOP-EE8FL81" time="0.073">
  <properties/>
  <testcase name="books inside bookshelf are grouped by publication year" classname="bookstoread.BookShelfSpec" time="0.073"/>
  <system-out><![CDATA[Working on test A bookshelf
]]></system-out>
  <system-err><![CDATA[]]></system-err>
</testsuite>
